<?xml version="1.0" encoding="UTF-8"?>
<!-- Generated by org.testng.reporters.JUnitReportReporter -->
<testsuite hostname="DESKTOP-6894EN5" failures="0" tests="1" name="vandanademo2.my_try" time="27.425" errors="0" timestamp="10 Oct 2022 07:02:32 GMT">
  <testcase classname="vandanademo2.my_try" name="test" time="27.425"/>
</testsuite> <!-- vandanademo2.my_try -->
