<?xml version="1.0" encoding="UTF-8"?>
<!-- Generated by org.testng.reporters.JUnitReportReporter -->
<testsuite hostname="DESKTOP-6894EN5" failures="0" tests="1" name="vandanademo2.van" time="41.463" errors="0" timestamp="8 Oct 2022 08:38:41 GMT">
  <testcase classname="vandanademo2.van" name="test" time="41.463"/>
</testsuite> <!-- vandanademo2.van -->
