<?xml version="1.0" encoding="UTF-8"?>
<!-- Generated by org.testng.reporters.JUnitReportReporter -->
<testsuite hostname="DESKTOP-6894EN5" failures="0" tests="2" name="vandanademo2.orange_hrm" time="27.882" errors="0" timestamp="17 Oct 2022 07:54:40 GMT">
  <testcase classname="vandanademo2.orange_hrm" name="windowhandle" time="22.163"/>
  <testcase classname="vandanademo2.orange_hrm" name="test" time="5.719"/>
</testsuite> <!-- vandanademo2.orange_hrm -->
