<?xml version="1.0" encoding="UTF-8"?>
<!-- Generated by org.testng.reporters.JUnitReportReporter -->
<testsuite hostname="DESKTOP-6894EN5" failures="0" tests="1" name="vandanademo2.my_try" time="12.068" errors="0" timestamp="13 Oct 2022 10:59:31 GMT">
  <testcase classname="vandanademo2.my_try" name="test1" time="12.068"/>
</testsuite> <!-- vandanademo2.my_try -->
